<?xml version="1.0" encoding="UTF-8"?>
<!-- Generated by org.testng.reporters.JUnitXMLReporter -->
<testsuite ignored="4" hostname="DESKTOP-CTTAHL6" failures="0" tests="6" name="Test_THREE" time="44.152" errors="0" timestamp="2024-12-14T23:53:30 IST">
  <testcase classname="com.orange.testCasesOrange.DashboardTest" name="DashBooardOpened" time="2.545"/>
  <testcase classname="com.orange.testCasesOrange.DashboardTest" name="DashBooardOpened" time="2.549"/>
  <testcase classname="com.orange.testCasesOrange.AdminPageTest" name="AdminIsOpen" time="3.929"/>
  <testcase classname="com.orange.testCasesOrange.AdminPageTest" name="AdminIsOpen" time="4.205"/>
  <testcase classname="com.orange.testCasesOrange.LoginPageTest" name="loginTest" time="2.338"/>
  <testcase classname="com.orange.testCasesOrange.LoginPageTest" name="loginTest" time="1.998"/>
  <testcase classname="com.orange.base.BaseClassofOrange" name="@BeforeSuite loadConfig" time="0.0">
    <ignored/>
  </testcase> <!-- @BeforeSuite loadConfig -->
  <testcase classname="com.orange.base.BaseClassofOrange" name="@AfterSuite afterSuite" time="0.0">
    <ignored/>
  </testcase> <!-- @AfterSuite afterSuite -->
  <testcase classname="com.orange.base.BaseClassofOrange" name="@AfterSuite afterSuite" time="0.0">
    <ignored/>
  </testcase> <!-- @AfterSuite afterSuite -->
  <testcase classname="com.orange.base.BaseClassofOrange" name="@BeforeSuite loadConfig" time="0.0">
    <ignored/>
  </testcase> <!-- @BeforeSuite loadConfig -->
</testsuite> <!-- Test_THREE -->
