<?xml version="1.0" encoding="UTF-8"?>
<testng-results ignored="0" total="2" passed="2" failed="0" skipped="0">
  <reporter-output>
  </reporter-output>
  <suite started-at="2024-12-17T12:51:30 IST" name="Suite1" finished-at="2024-12-17T12:51:46 IST" duration-ms="16529">
    <groups>
      <group name="Sanity">
        <method signature="LoginPageTest.loginTest(java.lang.String,java.lang.String)[pri:0, instance:com.orange.testCasesOrange.LoginPageTest@66d18979]" name="loginTest" class="com.orange.testCasesOrange.LoginPageTest"/>
      </group> <!-- Sanity -->
    </groups>
    <test started-at="2024-12-17T12:51:30 IST" name="Test" finished-at="2024-12-17T12:51:46 IST" duration-ms="16529">
      <class name="com.orange.testCasesOrange.LoginPageTest">
        <test-method is-config="true" signature="loadConfig()[pri:0, instance:com.orange.testCasesOrange.LoginPageTest@66d18979]" started-at="2024-12-17T12:51:30 IST" name="loadConfig" finished-at="2024-12-17T12:51:30 IST" duration-ms="201" status="PASS">
          <reporter-output>
          </reporter-output>
        </test-method> <!-- loadConfig -->
        <test-method is-config="true" signature="setup(java.lang.String)[pri:0, instance:com.orange.testCasesOrange.LoginPageTest@66d18979]" started-at="2024-12-17T12:51:31 IST" name="setup" finished-at="2024-12-17T12:51:38 IST" duration-ms="6747" status="PASS">
          <params>
            <param index="0">
              <value>
                <![CDATA[Chrome]]>
              </value>
            </param>
          </params>
          <reporter-output>
          </reporter-output>
        </test-method> <!-- setup -->
        <test-method signature="loginTest(java.lang.String,java.lang.String)[pri:0, instance:com.orange.testCasesOrange.LoginPageTest@66d18979]" started-at="2024-12-17T12:51:38 IST" name="loginTest" data-provider="CredentialsToLoginIn" finished-at="2024-12-17T12:51:40 IST" duration-ms="2447" status="PASS">
          <params>
            <param index="0">
              <value>
                <![CDATA[Admin]]>
              </value>
            </param>
            <param index="1">
              <value>
                <![CDATA[admin123]]>
              </value>
            </param>
          </params>
          <reporter-output>
          </reporter-output>
        </test-method> <!-- loginTest -->
        <test-method is-config="true" signature="teardown()[pri:0, instance:com.orange.testCasesOrange.LoginPageTest@66d18979]" started-at="2024-12-17T12:51:40 IST" name="teardown" finished-at="2024-12-17T12:51:40 IST" duration-ms="234" status="PASS">
          <reporter-output>
          </reporter-output>
        </test-method> <!-- teardown -->
        <test-method is-config="true" signature="setup(java.lang.String)[pri:0, instance:com.orange.testCasesOrange.LoginPageTest@66d18979]" started-at="2024-12-17T12:51:40 IST" name="setup" finished-at="2024-12-17T12:51:44 IST" duration-ms="3836" status="PASS">
          <params>
            <param index="0">
              <value>
                <![CDATA[Chrome]]>
              </value>
            </param>
          </params>
          <reporter-output>
          </reporter-output>
        </test-method> <!-- setup -->
        <test-method signature="loginTest(java.lang.String,java.lang.String)[pri:0, instance:com.orange.testCasesOrange.LoginPageTest@66d18979]" started-at="2024-12-17T12:51:44 IST" name="loginTest" data-provider="CredentialsToLoginIn" finished-at="2024-12-17T12:51:46 IST" duration-ms="2027" status="PASS">
          <params>
            <param index="0">
              <value>
                <![CDATA[Admin]]>
              </value>
            </param>
            <param index="1">
              <value>
                <![CDATA[admin123]]>
              </value>
            </param>
          </params>
          <reporter-output>
          </reporter-output>
        </test-method> <!-- loginTest -->
        <test-method is-config="true" signature="teardown()[pri:0, instance:com.orange.testCasesOrange.LoginPageTest@66d18979]" started-at="2024-12-17T12:51:46 IST" name="teardown" finished-at="2024-12-17T12:51:46 IST" duration-ms="154" status="PASS">
          <reporter-output>
          </reporter-output>
        </test-method> <!-- teardown -->
        <test-method is-config="true" signature="afterSuite()[pri:0, instance:com.orange.testCasesOrange.LoginPageTest@66d18979]" started-at="2024-12-17T12:51:46 IST" name="afterSuite" finished-at="2024-12-17T12:51:47 IST" duration-ms="318" status="PASS">
          <reporter-output>
          </reporter-output>
        </test-method> <!-- afterSuite -->
      </class> <!-- com.orange.testCasesOrange.LoginPageTest -->
    </test> <!-- Test -->
  </suite> <!-- Suite1 -->
</testng-results>
