<?xml version="1.0" encoding="UTF-8"?>
<testng-results ignored="0" total="2" passed="2" failed="0" skipped="0">
  <reporter-output>
  </reporter-output>
  <suite started-at="2024-12-08T03:09:31 IST" name="Suite1" finished-at="2024-12-08T03:10:08 IST" duration-ms="37814">
    <groups>
      <group name="Sanity">
        <method signature="LoginPageTest.loginTest(java.lang.String,java.lang.String)[pri:0, instance:com.orange.testCasesOrange.LoginPageTest@66d18979]" name="loginTest" class="com.orange.testCasesOrange.LoginPageTest"/>
      </group> <!-- Sanity -->
    </groups>
    <test started-at="2024-12-08T03:09:31 IST" name="Test" finished-at="2024-12-08T03:10:08 IST" duration-ms="37814">
      <class name="com.orange.testCasesOrange.LoginPageTest">
        <test-method is-config="true" signature="loadConfig()[pri:0, instance:com.orange.testCasesOrange.LoginPageTest@66d18979]" started-at="2024-12-08T03:09:30 IST" name="loadConfig" finished-at="2024-12-08T03:09:31 IST" duration-ms="382" status="PASS">
          <reporter-output>
          </reporter-output>
        </test-method> <!-- loadConfig -->
        <test-method is-config="true" signature="setup(java.lang.String)[pri:0, instance:com.orange.testCasesOrange.LoginPageTest@66d18979]" started-at="2024-12-08T03:09:32 IST" name="setup" finished-at="2024-12-08T03:09:58 IST" duration-ms="25550" status="PASS">
          <params>
            <param index="0">
              <value>
                <![CDATA[Chrome]]>
              </value>
            </param>
          </params>
          <reporter-output>
          </reporter-output>
        </test-method> <!-- setup -->
        <test-method signature="loginTest(java.lang.String,java.lang.String)[pri:0, instance:com.orange.testCasesOrange.LoginPageTest@66d18979]" started-at="2024-12-08T03:09:58 IST" name="loginTest" data-provider="CredentialsToLoginIn" finished-at="2024-12-08T03:10:00 IST" duration-ms="2212" status="PASS">
          <params>
            <param index="0">
              <value>
                <![CDATA[Admin]]>
              </value>
            </param>
            <param index="1">
              <value>
                <![CDATA[admin123]]>
              </value>
            </param>
          </params>
          <reporter-output>
          </reporter-output>
        </test-method> <!-- loginTest -->
        <test-method is-config="true" signature="teardown()[pri:0, instance:com.orange.testCasesOrange.LoginPageTest@66d18979]" started-at="2024-12-08T03:10:00 IST" name="teardown" finished-at="2024-12-08T03:10:01 IST" duration-ms="920" status="PASS">
          <reporter-output>
          </reporter-output>
        </test-method> <!-- teardown -->
        <test-method is-config="true" signature="setup(java.lang.String)[pri:0, instance:com.orange.testCasesOrange.LoginPageTest@66d18979]" started-at="2024-12-08T03:10:01 IST" name="setup" finished-at="2024-12-08T03:10:06 IST" duration-ms="4926" status="PASS">
          <params>
            <param index="0">
              <value>
                <![CDATA[Chrome]]>
              </value>
            </param>
          </params>
          <reporter-output>
          </reporter-output>
        </test-method> <!-- setup -->
        <test-method signature="loginTest(java.lang.String,java.lang.String)[pri:0, instance:com.orange.testCasesOrange.LoginPageTest@66d18979]" started-at="2024-12-08T03:10:06 IST" name="loginTest" data-provider="CredentialsToLoginIn" finished-at="2024-12-08T03:10:08 IST" duration-ms="2233" status="PASS">
          <params>
            <param index="0">
              <value>
                <![CDATA[Admin]]>
              </value>
            </param>
            <param index="1">
              <value>
                <![CDATA[admin123]]>
              </value>
            </param>
          </params>
          <reporter-output>
          </reporter-output>
        </test-method> <!-- loginTest -->
        <test-method is-config="true" signature="teardown()[pri:0, instance:com.orange.testCasesOrange.LoginPageTest@66d18979]" started-at="2024-12-08T03:10:08 IST" name="teardown" finished-at="2024-12-08T03:10:08 IST" duration-ms="511" status="PASS">
          <reporter-output>
          </reporter-output>
        </test-method> <!-- teardown -->
        <test-method is-config="true" signature="afterSuite()[pri:0, instance:com.orange.testCasesOrange.LoginPageTest@66d18979]" started-at="2024-12-08T03:10:08 IST" name="afterSuite" finished-at="2024-12-08T03:10:09 IST" duration-ms="714" status="PASS">
          <reporter-output>
          </reporter-output>
        </test-method> <!-- afterSuite -->
      </class> <!-- com.orange.testCasesOrange.LoginPageTest -->
    </test> <!-- Test -->
  </suite> <!-- Suite1 -->
</testng-results>
